<?xml version="1.0" encoding="UTF-8"?><testsuite errors="1" failures="0" name="EliminaciÃ³n de miembro de un proyecto en la pagina de TaskMaster Pro" skipped="0" tests="1" time="27.21" timestamp="2025-06-04 04:11:28"><testcase name="Eliminar un Miembro Exitosamente"><error message="no such element: Unable to locate element: {&quot;method&quot;:&quot;xpath&quot;,&quot;selector&quot;:&quot;//*[@id='124']/div[2]/div/div[2]/div/div[1]/div/div/div[2]/div/button&quot;}&#10;  (Session info: chrome=137.0.7151.56)&#10;For documentation on this error, please visit: https://www.seleniumhq.org/exceptions/no_such_element.html&#10;Build info: version: '3.141.59', revision: 'e82be7d358', time: '2018-11-14T08:17:03'&#10;System info: host: 'DESKTOP-GEQJVBJ', ip: '192.168.1.5', os.name: 'Windows 10', os.arch: 'amd64', os.version: '10.0', java.version: '15.0.1'&#10;Driver info: org.openqa.selenium.chrome.ChromeDriver&#10;Capabilities {acceptInsecureCerts: false, browserName: chrome, browserVersion: 137.0.7151.56, chrome: {chromedriverVersion: 136.0.7103.94 (fa0be0b33deb..., userDataDir: C:\Users\USUARIO\AppData\Lo...}, fedcm:accounts: true, goog:chromeOptions: {debuggerAddress: localhost:52583}, javascriptEnabled: true, networkConnectionEnabled: false, pageLoadStrategy: normal, platform: WINDOWS, platformName: WINDOWS, proxy: Proxy(), setWindowRect: true, strictFileInteractability: false, timeouts: {implicit: 0, pageLoad: 300000, script: 30000}, unhandledPromptBehavior: ignore, webauthn:extension:credBlob: true, webauthn:extension:largeBlob: true, webauthn:extension:minPinLength: true, webauthn:extension:prf: true, webauthn:virtualAuthenticators: true}&#10;Session ID: 3be5b907a427ebf1d53929cc96f9fc76&#10;*** Element info: {Using=xpath, value=//*[@id='124']/div[2]/div/div[2]/div/div[1]/div/div/div[2]/div/button}" type="java.lang.AssertionError">no such element: Unable to locate element: {"method":"xpath","selector":"//*[@id='124']/div[2]/div/div[2]/div/div[1]/div/div/div[2]/div/button"}
  (Session info: chrome=137.0.7151.56)
For documentation on this error, please visit: https://www.seleniumhq.org/exceptions/no_such_element.html
Build info: version: '3.141.59', revision: 'e82be7d358', time: '2018-11-14T08:17:03'
System info: host: 'DESKTOP-GEQJVBJ', ip: '192.168.1.5', os.name: 'Windows 10', os.arch: 'amd64', os.version: '10.0', java.version: '15.0.1'
Driver info: org.openqa.selenium.chrome.ChromeDriver
Capabilities {acceptInsecureCerts: false, browserName: chrome, browserVersion: 137.0.7151.56, chrome: {chromedriverVersion: 136.0.7103.94 (fa0be0b33deb..., userDataDir: C:\Users\USUARIO\AppData\Lo...}, fedcm:accounts: true, goog:chromeOptions: {debuggerAddress: localhost:52583}, javascriptEnabled: true, networkConnectionEnabled: false, pageLoadStrategy: normal, platform: WINDOWS, platformName: WINDOWS, proxy: Proxy(), setWindowRect: true, strictFileInteractability: false, timeouts: {implicit: 0, pageLoad: 300000, script: 30000}, unhandledPromptBehavior: ignore, webauthn:extension:credBlob: true, webauthn:extension:largeBlob: true, webauthn:extension:minPinLength: true, webauthn:extension:prf: true, webauthn:virtualAuthenticators: true}
Session ID: 3be5b907a427ebf1d53929cc96f9fc76
*** Element info: {Using=xpath, value=//*[@id='124']/div[2]/div/div[2]/div/div[1]/div/div/div[2]/div/button}</error><system-err>no such element: Unable to locate element: {"method":"xpath","selector":"//*[@id='124']/div[2]/div/div[2]/div/div[1]/div/div/div[2]/div/button"}
  (Session info: chrome=137.0.7151.56)
For documentation on this error, please visit: https://www.seleniumhq.org/exceptions/no_such_element.html
Build info: version: '3.141.59', revision: 'e82be7d358', time: '2018-11-14T08:17:03'
System info: host: 'DESKTOP-GEQJVBJ', ip: '192.168.1.5', os.name: 'Windows 10', os.arch: 'amd64', os.version: '10.0', java.version: '15.0.1'
Driver info: org.openqa.selenium.chrome.ChromeDriver
Capabilities {acceptInsecureCerts: false, browserName: chrome, browserVersion: 137.0.7151.56, chrome: {chromedriverVersion: 136.0.7103.94 (fa0be0b33deb..., userDataDir: C:\Users\USUARIO\AppData\Lo...}, fedcm:accounts: true, goog:chromeOptions: {debuggerAddress: localhost:52583}, javascriptEnabled: true, networkConnectionEnabled: false, pageLoadStrategy: normal, platform: WINDOWS, platformName: WINDOWS, proxy: Proxy(), setWindowRect: true, strictFileInteractability: false, timeouts: {implicit: 0, pageLoad: 300000, script: 30000}, unhandledPromptBehavior: ignore, webauthn:extension:credBlob: true, webauthn:extension:largeBlob: true, webauthn:extension:minPinLength: true, webauthn:extension:prf: true, webauthn:virtualAuthenticators: true}
Session ID: 3be5b907a427ebf1d53929cc96f9fc76
*** Element info: {Using=xpath, value=//*[@id='124']/div[2]/div/div[2]/div/div[1]/div/div/div[2]/div/button}&#13;
co.com.AutomatizacionTaskMasterPro.tasks.EliminarMiembro.performAs(EliminarMiembro.java:23)&#13;
co.com.AutomatizacionTaskMasterPro.stepsDefinitions.EliminarMiembroTaskMasterStepsDefinitions.seleccioneUnUsuarioAsignadoAUnProyectoYHaceClickEnElBotonDeEliminarUsuarioYConfirmaLaEliminacionDelMiembro(EliminarMiembroTaskMasterStepsDefinitions.java:20)&#13;
cucumber.runner.Runner.runPickle(Runner.java:80)&#13;
worker.org.gradle.process.internal.worker.GradleWorkerMain.run(GradleWorkerMain.java:69)&#13;
worker.org.gradle.process.internal.worker.GradleWorkerMain.main(GradleWorkerMain.java:74)&#13;
</system-err></testcase></testsuite>